ScreenSaver/app/build/intermediates/manifest_merge_blame_file/debug/manifest-merger-blame-debug-report.txt
1<?xml version="1.0" encoding="utf-8"?>
2<manifest xmlns:android="http://schemas.android.com/apk/res/android"
3    package="com.moaapps.screensaver"
4    android:versionCode="1"
5    android:versionName="1.0" >
6
7    <uses-sdk
8        android:minSdkVersion="21"
8-->src/main/AndroidManifest.xml
9        android:targetSdkVersion="33" />
9-->src/main/AndroidManifest.xml
10
11    <uses-permission android:name="android.permission.INTERNET" />
11-->src/main/AndroidManifest.xml:5:5-67
11-->src/main/AndroidManifest.xml:5:22-64
12    <uses-permission android:name="android.permission.READ_EXTERNAL_STORAGE" />
12-->src/main/AndroidManifest.xml:6:5-80
12-->src/main/AndroidManifest.xml:6:22-77
13    <uses-permission android:name="android.permission.WRITE_EXTERNAL_STORAGE" />
13-->src/main/AndroidManifest.xml:7:5-81
13-->src/main/AndroidManifest.xml:7:22-78
14    <uses-permission android:name="android.permission.MANAGE_EXTERNAL_STORAGE" />
14-->src/main/AndroidManifest.xml:9:5-82
14-->src/main/AndroidManifest.xml:9:22-79
15
16    <uses-feature
16-->src/main/AndroidManifest.xml:11:5-13:36
17        android:name="android.hardware.touchscreen"
17-->src/main/AndroidManifest.xml:12:9-52
18        android:required="false" />
18-->src/main/AndroidManifest.xml:13:9-33
19    <uses-feature
19-->src/main/AndroidManifest.xml:14:5-16:35
20        android:name="android.software.leanback"
20-->src/main/AndroidManifest.xml:15:9-49
21        android:required="true" />
21-->src/main/AndroidManifest.xml:16:9-32
22
23    <uses-permission android:name="android.permission.ACCESS_NETWORK_STATE" />
23-->[com.google.android.exoplayer:exoplayer-core:2.12.2] AndroidManifest.xml:24:5-79
23-->[com.google.android.exoplayer:exoplayer-core:2.12.2] AndroidManifest.xml:24:22-76
24
25    <application
25-->src/main/AndroidManifest.xml:18:5-50:19
26        android:allowBackup="true"
26-->src/main/AndroidManifest.xml:19:9-35
27        android:appComponentFactory="androidx.core.app.CoreComponentFactory"
27-->[androidx.core:core:1.3.2] AndroidManifest.xml:24:18-86
28        android:banner="@drawable/file_icon"
28-->src/main/AndroidManifest.xml:29:9-45
29        android:dataExtractionRules="@xml/data_extraction_rules"
29-->src/main/AndroidManifest.xml:27:9-65
30        android:debuggable="true"
31        android:exported="true"
31-->src/main/AndroidManifest.xml:24:9-32
32        android:icon="@mipmap/ic_launcher"
32-->src/main/AndroidManifest.xml:20:9-43
33        android:label="@string/app_name"
33-->src/main/AndroidManifest.xml:21:9-41
34        android:supportsRtl="true"
34-->src/main/AndroidManifest.xml:22:9-35
35        android:testOnly="true"
36        android:theme="@style/Theme.ScreenSaver"
36-->src/main/AndroidManifest.xml:25:9-49
37        android:usesCleartextTraffic="true" >
37-->src/main/AndroidManifest.xml:23:9-44
38        <activity
38-->src/main/AndroidManifest.xml:30:9-39:20
39            android:name="com.moaapps.screensaver.MainActivity"
39-->src/main/AndroidManifest.xml:31:13-41
40            android:exported="true"
40-->src/main/AndroidManifest.xml:32:13-36
41            android:screenOrientation="landscape"
41-->src/main/AndroidManifest.xml:33:13-50
42            android:theme="@style/Theme.ScreenSaver" >
42-->src/main/AndroidManifest.xml:34:13-53
43            <intent-filter>
43-->src/main/AndroidManifest.xml:35:13-38:29
44                <action android:name="android.intent.action.MAIN" />
44-->src/main/AndroidManifest.xml:36:17-69
44-->src/main/AndroidManifest.xml:36:25-66
45
46                <category android:name="android.intent.category.LEANBACK_LAUNCHER" />
46-->src/main/AndroidManifest.xml:37:17-86
46-->src/main/AndroidManifest.xml:37:27-83
47            </intent-filter>
48        </activity>
49
50        <service
50-->src/main/AndroidManifest.xml:41:9-49:19
51            android:name="com.moaapps.screensaver.ScreenSaverService"
51-->src/main/AndroidManifest.xml:41:18-52
52            android:exported="true"
52-->src/main/AndroidManifest.xml:42:13-36
53            android:label="Android Aerial"
53-->src/main/AndroidManifest.xml:43:13-43
54            android:permission="android.permission.BIND_DREAM_SERVICE" >
54-->src/main/AndroidManifest.xml:44:13-71
55            <intent-filter>
55-->src/main/AndroidManifest.xml:45:13-48:29
56                <action android:name="android.service.dreams.DreamService" />
56-->src/main/AndroidManifest.xml:46:17-78
56-->src/main/AndroidManifest.xml:46:25-75
57
58                <category android:name="android.intent.category.DEFAULT" />
58-->src/main/AndroidManifest.xml:47:17-76
58-->src/main/AndroidManifest.xml:47:27-73
59            </intent-filter>
60        </service>
61
62        <activity
62-->[pub.devrel:easypermissions:3.0.0] AndroidManifest.xml:12:9-16:66
63            android:name="pub.devrel.easypermissions.AppSettingsDialogHolderActivity"
63-->[pub.devrel:easypermissions:3.0.0] AndroidManifest.xml:13:13-86
64            android:exported="false"
64-->[pub.devrel:easypermissions:3.0.0] AndroidManifest.xml:14:13-37
65            android:label=""
65-->[pub.devrel:easypermissions:3.0.0] AndroidManifest.xml:15:13-29
66            android:theme="@style/EasyPermissions.Transparent" />
66-->[pub.devrel:easypermissions:3.0.0] AndroidManifest.xml:16:13-63
67        <activity
67-->[lib.kashif:folderpicker:2.4] AndroidManifest.xml:15:9-17:52
68            android:name="lib.folderpicker.FolderPicker"
68-->[lib.kashif:folderpicker:2.4] AndroidManifest.xml:16:13-57
69            android:screenOrientation="portrait" />
69-->[lib.kashif:folderpicker:2.4] AndroidManifest.xml:17:13-49
70    </application>
71
72</manifest>